<?xml version="1.0" encoding="UTF-8"?>
<testsuite xmlns:xsi="http://www.w3.org/2001/XMLSchema-instance" xsi:noNamespaceSchemaLocation="https://maven.apache.org/surefire/maven-surefire-plugin/xsd/surefire-test-report.xsd" version="3.0.2" name="com.example.t4_ecommerce_springboot.EcommerceApplicationTests" time="13.934" tests="22" errors="0" skipped="0" failures="0">
  <properties>
[...]
</properties>
  <testcase name="productSearchStatus" classname="com.example.t4_ecommerce_springboot.EcommerceApplicationTests" time="1.032">
    <system-out><![CDATA[18:02:24.956 [main] INFO org.springframework.test.context.support.AnnotationConfigContextLoaderUtils -- Could not detect default configuration classes for test class [com.example.t4_ecommerce_springboot.EcommerceApplicationTests]: EcommerceApplicationTests does not declare any static, non-private, non-final, nested classes annotated with @Configuration.
18:02:25.232 [main] INFO org.springframework.boot.test.context.SpringBootTestContextBootstrapper -- Found @SpringBootConfiguration com.example.t4_ecommerce_springboot.T4EcommerceSpringbootApplication for test class com.example.t4_ecommerce_springboot.EcommerceApplicationTests
18:02:26.099 [main] INFO org.springframework.boot.devtools.restart.RestartApplicationListener -- Restart disabled due to context in which it is running

  .   ____          _            __ _ _
 /\\ / ___'_ __ _ _(_)_ __  __ _ \ \ \ \
( ( )\___ | '_ | '_| | '_ \/ _` | \ \ \ \
 \\/  ___)| |_)| | | | | || (_| |  ) ) ) )
  '  |____| .__|_| |_|_| |_\__, | / / / /
 =========|_|==============|___/=/_/_/_/

 :: Spring Boot ::                (v3.4.2)

2025-09-07T18:02:26.801+05:30  INFO 25236 --- [t4_ecommerce_springboot] [           main] c.e.t.EcommerceApplicationTests          : Starting EcommerceApplicationTests using Java 17.0.12 with PID 25236 (started by ABHIRAM in C:\Users\ABHIRAM\Downloads\t4_ecommerce_springboot)
2025-09-07T18:02:26.805+05:30  INFO 25236 --- [t4_ecommerce_springboot] [           main] c.e.t.EcommerceApplicationTests          : No active profile set, falling back to 1 default profile: "default"
2025-09-07T18:02:28.302+05:30  INFO 25236 --- [t4_ecommerce_springboot] [           main] .s.d.r.c.RepositoryConfigurationDelegate : Bootstrapping Spring Data JPA repositories in DEFAULT mode.
2025-09-07T18:02:28.504+05:30  INFO 25236 --- [t4_ecommerce_springboot] [           main] .s.d.r.c.RepositoryConfigurationDelegate : Finished Spring Data repository scanning in 177 ms. Found 5 JPA repository interfaces.
2025-09-07T18:02:29.486+05:30  INFO 25236 --- [t4_ecommerce_springboot] [           main] com.zaxxer.hikari.HikariDataSource       : HikariPool-1 - Starting...
2025-09-07T18:02:29.911+05:30  INFO 25236 --- [t4_ecommerce_springboot] [           main] com.zaxxer.hikari.pool.HikariPool        : HikariPool-1 - Added connection conn0: url=jdbc:h2:mem:testdb user=SA
2025-09-07T18:02:29.915+05:30  INFO 25236 --- [t4_ecommerce_springboot] [           main] com.zaxxer.hikari.HikariDataSource       : HikariPool-1 - Start completed.
2025-09-07T18:02:30.047+05:30  INFO 25236 --- [t4_ecommerce_springboot] [           main] o.hibernate.jpa.internal.util.LogHelper  : HHH000204: Processing PersistenceUnitInfo [name: default]
2025-09-07T18:02:30.172+05:30  INFO 25236 --- [t4_ecommerce_springboot] [           main] org.hibernate.Version                    : HHH000412: Hibernate ORM core version 6.6.5.Final
2025-09-07T18:02:30.250+05:30  INFO 25236 --- [t4_ecommerce_springboot] [           main] o.h.c.internal.RegionFactoryInitiator    : HHH000026: Second-level cache disabled
2025-09-07T18:02:31.065+05:30  INFO 25236 --- [t4_ecommerce_springboot] [           main] o.s.o.j.p.SpringPersistenceUnitInfo      : No LoadTimeWeaver setup: ignoring JPA class transformer
2025-09-07T18:02:31.285+05:30  INFO 25236 --- [t4_ecommerce_springboot] [           main] org.hibernate.orm.connections.pooling    : HHH10001005: Database info:
	Database JDBC URL [Connecting through datasource 'HikariDataSource (HikariPool-1)']
	Database driver: undefined/unknown
	Database version: 2.3.232
	Autocommit mode: undefined/unknown
	Isolation level: undefined/unknown
	Minimum pool size: undefined/unknown
	Maximum pool size: undefined/unknown
2025-09-07T18:02:32.682+05:30  INFO 25236 --- [t4_ecommerce_springboot] [           main] o.h.e.t.j.p.i.JtaPlatformInitiator       : HHH000489: No JTA platform available (set 'hibernate.transaction.jta.platform' to enable JTA platform integration)
2025-09-07T18:02:32.775+05:30  INFO 25236 --- [t4_ecommerce_springboot] [           main] j.LocalContainerEntityManagerFactoryBean : Initialized JPA EntityManagerFactory for persistence unit 'default'
2025-09-07T18:02:33.366+05:30  INFO 25236 --- [t4_ecommerce_springboot] [           main] eAuthenticationProviderManagerConfigurer : Global AuthenticationManager configured with AuthenticationProvider bean with name authenticationProvider
2025-09-07T18:02:33.366+05:30  WARN 25236 --- [t4_ecommerce_springboot] [           main] r$InitializeUserDetailsManagerConfigurer : Global AuthenticationManager configured with an AuthenticationProvider bean. UserDetailsService beans will not be used by Spring Security for automatically configuring username/password login. Consider removing the AuthenticationProvider bean. Alternatively, consider using the UserDetailsService in a manually instantiated DaoAuthenticationProvider. If the current configuration is intentional, to turn off this warning, increase the logging level of 'org.springframework.security.config.annotation.authentication.configuration.InitializeUserDetailsBeanManagerConfigurer' to ERROR
2025-09-07T18:02:33.432+05:30  WARN 25236 --- [t4_ecommerce_springboot] [           main] JpaBaseConfiguration$JpaWebConfiguration : spring.jpa.open-in-view is enabled by default. Therefore, database queries may be performed during view rendering. Explicitly configure spring.jpa.open-in-view to disable this warning
2025-09-07T18:02:33.966+05:30  WARN 25236 --- [t4_ecommerce_springboot] [           main] o.s.s.c.a.web.builders.WebSecurity       : You are asking Spring Security to ignore Ant [pattern='/h2-console/**']. This is not recommended -- please use permitAll via HttpSecurity#authorizeHttpRequests instead.
2025-09-07T18:02:34.365+05:30  INFO 25236 --- [t4_ecommerce_springboot] [           main] o.s.b.a.h2.H2ConsoleAutoConfiguration    : H2 console available at '/h2-console'. Database available at 'jdbc:h2:mem:testdb'
2025-09-07T18:02:34.506+05:30  INFO 25236 --- [t4_ecommerce_springboot] [           main] o.s.b.t.m.w.SpringBootMockServletContext : Initializing Spring TestDispatcherServlet ''
2025-09-07T18:02:34.507+05:30  INFO 25236 --- [t4_ecommerce_springboot] [           main] o.s.t.web.servlet.TestDispatcherServlet  : Initializing Servlet ''
2025-09-07T18:02:34.509+05:30  INFO 25236 --- [t4_ecommerce_springboot] [           main] o.s.t.web.servlet.TestDispatcherServlet  : Completed initialization in 1 ms
2025-09-07T18:02:34.540+05:30  INFO 25236 --- [t4_ecommerce_springboot] [           main] c.e.t.EcommerceApplicationTests          : Started EcommerceApplicationTests in 8.478 seconds (process running for 10.629)
User Data got loaded in DB
Category Data got loaded in DB
Product Data got loaded in DB
Cart Data got loaded in DB
CartProduct Data got loaded in DB
2025-09-07T18:02:35.801+05:30  INFO 25236 --- [t4_ecommerce_springboot] [           main] o.s.b.t.m.w.SpringBootMockServletContext : Initializing Spring TestDispatcherServlet ''
2025-09-07T18:02:35.801+05:30  INFO 25236 --- [t4_ecommerce_springboot] [           main] o.s.t.web.servlet.TestDispatcherServlet  : Initializing Servlet ''
2025-09-07T18:02:35.803+05:30  INFO 25236 --- [t4_ecommerce_springboot] [           main] o.s.t.web.servlet.TestDispatcherServlet  : Completed initialization in 2 ms
]]></system-out>
  </testcase>
  <testcase name="productSearchWithoutKeyword" classname="com.example.t4_ecommerce_springboot.EcommerceApplicationTests" time="0.032">
    <system-out><![CDATA[2025-09-07T18:02:36.186+05:30  INFO 25236 --- [t4_ecommerce_springboot] [           main] o.s.b.t.m.w.SpringBootMockServletContext : Initializing Spring TestDispatcherServlet ''
2025-09-07T18:02:36.187+05:30  INFO 25236 --- [t4_ecommerce_springboot] [           main] o.s.t.web.servlet.TestDispatcherServlet  : Initializing Servlet ''
2025-09-07T18:02:36.187+05:30  INFO 25236 --- [t4_ecommerce_springboot] [           main] o.s.t.web.servlet.TestDispatcherServlet  : Completed initialization in 0 ms
]]></system-out>
  </testcase>
  <testcase name="productSearchWithProductName" classname="com.example.t4_ecommerce_springboot.EcommerceApplicationTests" time="0.017">
    <system-out><![CDATA[2025-09-07T18:02:36.219+05:30  INFO 25236 --- [t4_ecommerce_springboot] [           main] o.s.b.t.m.w.SpringBootMockServletContext : Initializing Spring TestDispatcherServlet ''
2025-09-07T18:02:36.220+05:30  INFO 25236 --- [t4_ecommerce_springboot] [           main] o.s.t.web.servlet.TestDispatcherServlet  : Initializing Servlet ''
2025-09-07T18:02:36.221+05:30  INFO 25236 --- [t4_ecommerce_springboot] [           main] o.s.t.web.servlet.TestDispatcherServlet  : Completed initialization in 1 ms
]]></system-out>
  </testcase>
  <testcase name="productSearchWithCategoryName" classname="com.example.t4_ecommerce_springboot.EcommerceApplicationTests" time="0.028">
    <system-out><![CDATA[2025-09-07T18:02:36.242+05:30  INFO 25236 --- [t4_ecommerce_springboot] [           main] o.s.b.t.m.w.SpringBootMockServletContext : Initializing Spring TestDispatcherServlet ''
2025-09-07T18:02:36.243+05:30  INFO 25236 --- [t4_ecommerce_springboot] [           main] o.s.t.web.servlet.TestDispatcherServlet  : Initializing Servlet ''
2025-09-07T18:02:36.244+05:30  INFO 25236 --- [t4_ecommerce_springboot] [           main] o.s.t.web.servlet.TestDispatcherServlet  : Completed initialization in 1 ms
]]></system-out>
  </testcase>
  <testcase name="consumerLoginWithBadCreds" classname="com.example.t4_ecommerce_springboot.EcommerceApplicationTests" time="0.226">
    <system-out><![CDATA[2025-09-07T18:02:36.275+05:30  INFO 25236 --- [t4_ecommerce_springboot] [           main] o.s.b.t.m.w.SpringBootMockServletContext : Initializing Spring TestDispatcherServlet ''
2025-09-07T18:02:36.276+05:30  INFO 25236 --- [t4_ecommerce_springboot] [           main] o.s.t.web.servlet.TestDispatcherServlet  : Initializing Servlet ''
2025-09-07T18:02:36.279+05:30  INFO 25236 --- [t4_ecommerce_springboot] [           main] o.s.t.web.servlet.TestDispatcherServlet  : Completed initialization in 3 ms
]]></system-out>
  </testcase>
  <testcase name="consumerLoginWithValidCreds" classname="com.example.t4_ecommerce_springboot.EcommerceApplicationTests" time="0.178">
    <system-out><![CDATA[2025-09-07T18:02:36.498+05:30  INFO 25236 --- [t4_ecommerce_springboot] [           main] o.s.b.t.m.w.SpringBootMockServletContext : Initializing Spring TestDispatcherServlet ''
2025-09-07T18:02:36.499+05:30  INFO 25236 --- [t4_ecommerce_springboot] [           main] o.s.t.web.servlet.TestDispatcherServlet  : Initializing Servlet ''
2025-09-07T18:02:36.499+05:30  INFO 25236 --- [t4_ecommerce_springboot] [           main] o.s.t.web.servlet.TestDispatcherServlet  : Completed initialization in 0 ms
]]></system-out>
  </testcase>
  <testcase name="consumerGetCartWithValidJWT" classname="com.example.t4_ecommerce_springboot.EcommerceApplicationTests" time="0.204">
    <system-out><![CDATA[2025-09-07T18:02:36.679+05:30  INFO 25236 --- [t4_ecommerce_springboot] [           main] o.s.b.t.m.w.SpringBootMockServletContext : Initializing Spring TestDispatcherServlet ''
2025-09-07T18:02:36.680+05:30  INFO 25236 --- [t4_ecommerce_springboot] [           main] o.s.t.web.servlet.TestDispatcherServlet  : Initializing Servlet ''
2025-09-07T18:02:36.680+05:30  INFO 25236 --- [t4_ecommerce_springboot] [           main] o.s.t.web.servlet.TestDispatcherServlet  : Completed initialization in 0 ms
]]></system-out>
  </testcase>
  <testcase name="sellerApiWithConsumerJWT" classname="com.example.t4_ecommerce_springboot.EcommerceApplicationTests" time="0.084">
    <system-out><![CDATA[2025-09-07T18:02:36.884+05:30  INFO 25236 --- [t4_ecommerce_springboot] [           main] o.s.b.t.m.w.SpringBootMockServletContext : Initializing Spring TestDispatcherServlet ''
2025-09-07T18:02:36.884+05:30  INFO 25236 --- [t4_ecommerce_springboot] [           main] o.s.t.web.servlet.TestDispatcherServlet  : Initializing Servlet ''
2025-09-07T18:02:36.885+05:30  INFO 25236 --- [t4_ecommerce_springboot] [           main] o.s.t.web.servlet.TestDispatcherServlet  : Completed initialization in 0 ms
]]></system-out>
  </testcase>
  <testcase name="sellerLoginWithValidCreds" classname="com.example.t4_ecommerce_springboot.EcommerceApplicationTests" time="0.141">
    <system-out><![CDATA[2025-09-07T18:02:36.972+05:30  INFO 25236 --- [t4_ecommerce_springboot] [           main] o.s.b.t.m.w.SpringBootMockServletContext : Initializing Spring TestDispatcherServlet ''
2025-09-07T18:02:36.972+05:30  INFO 25236 --- [t4_ecommerce_springboot] [           main] o.s.t.web.servlet.TestDispatcherServlet  : Initializing Servlet ''
2025-09-07T18:02:36.973+05:30  INFO 25236 --- [t4_ecommerce_springboot] [           main] o.s.t.web.servlet.TestDispatcherServlet  : Completed initialization in 1 ms
]]></system-out>
  </testcase>
  <testcase name="sellerGetProductsWithValidJWT" classname="com.example.t4_ecommerce_springboot.EcommerceApplicationTests" time="0.106">
    <system-out><![CDATA[2025-09-07T18:02:37.114+05:30  INFO 25236 --- [t4_ecommerce_springboot] [           main] o.s.b.t.m.w.SpringBootMockServletContext : Initializing Spring TestDispatcherServlet ''
2025-09-07T18:02:37.114+05:30  INFO 25236 --- [t4_ecommerce_springboot] [           main] o.s.t.web.servlet.TestDispatcherServlet  : Initializing Servlet ''
2025-09-07T18:02:37.115+05:30  INFO 25236 --- [t4_ecommerce_springboot] [           main] o.s.t.web.servlet.TestDispatcherServlet  : Completed initialization in 1 ms
]]></system-out>
  </testcase>
  <testcase name="consumerApiWithSellerJWT" classname="com.example.t4_ecommerce_springboot.EcommerceApplicationTests" time="0.087">
    <system-out><![CDATA[2025-09-07T18:02:37.221+05:30  INFO 25236 --- [t4_ecommerce_springboot] [           main] o.s.b.t.m.w.SpringBootMockServletContext : Initializing Spring TestDispatcherServlet ''
2025-09-07T18:02:37.221+05:30  INFO 25236 --- [t4_ecommerce_springboot] [           main] o.s.t.web.servlet.TestDispatcherServlet  : Initializing Servlet ''
2025-09-07T18:02:37.221+05:30  INFO 25236 --- [t4_ecommerce_springboot] [           main] o.s.t.web.servlet.TestDispatcherServlet  : Completed initialization in 0 ms
]]></system-out>
  </testcase>
  <testcase name="sellerAddNewProduct" classname="com.example.t4_ecommerce_springboot.EcommerceApplicationTests" time="0.106">
    <system-out><![CDATA[2025-09-07T18:02:37.312+05:30  INFO 25236 --- [t4_ecommerce_springboot] [           main] o.s.b.t.m.w.SpringBootMockServletContext : Initializing Spring TestDispatcherServlet ''
2025-09-07T18:02:37.313+05:30  INFO 25236 --- [t4_ecommerce_springboot] [           main] o.s.t.web.servlet.TestDispatcherServlet  : Initializing Servlet ''
2025-09-07T18:02:37.314+05:30  INFO 25236 --- [t4_ecommerce_springboot] [           main] o.s.t.web.servlet.TestDispatcherServlet  : Completed initialization in 1 ms
]]></system-out>
  </testcase>
  <testcase name="sellerCheckAddedNewProduct" classname="com.example.t4_ecommerce_springboot.EcommerceApplicationTests" time="0.116">
    <system-out><![CDATA[2025-09-07T18:02:37.418+05:30  INFO 25236 --- [t4_ecommerce_springboot] [           main] o.s.b.t.m.w.SpringBootMockServletContext : Initializing Spring TestDispatcherServlet ''
2025-09-07T18:02:37.418+05:30  INFO 25236 --- [t4_ecommerce_springboot] [           main] o.s.t.web.servlet.TestDispatcherServlet  : Initializing Servlet ''
2025-09-07T18:02:37.419+05:30  INFO 25236 --- [t4_ecommerce_springboot] [           main] o.s.t.web.servlet.TestDispatcherServlet  : Completed initialization in 1 ms
]]></system-out>
  </testcase>
  <testcase name="sellerCheckProductFromAnotherSeller" classname="com.example.t4_ecommerce_springboot.EcommerceApplicationTests" time="0.108">
    <system-out><![CDATA[2025-09-07T18:02:37.534+05:30  INFO 25236 --- [t4_ecommerce_springboot] [           main] o.s.b.t.m.w.SpringBootMockServletContext : Initializing Spring TestDispatcherServlet ''
2025-09-07T18:02:37.534+05:30  INFO 25236 --- [t4_ecommerce_springboot] [           main] o.s.t.web.servlet.TestDispatcherServlet  : Initializing Servlet ''
2025-09-07T18:02:37.535+05:30  INFO 25236 --- [t4_ecommerce_springboot] [           main] o.s.t.web.servlet.TestDispatcherServlet  : Completed initialization in 1 ms
]]></system-out>
  </testcase>
  <testcase name="sellerUpdateProduct" classname="com.example.t4_ecommerce_springboot.EcommerceApplicationTests" time="0.155">
    <system-out><![CDATA[2025-09-07T18:02:37.644+05:30  INFO 25236 --- [t4_ecommerce_springboot] [           main] o.s.b.t.m.w.SpringBootMockServletContext : Initializing Spring TestDispatcherServlet ''
2025-09-07T18:02:37.645+05:30  INFO 25236 --- [t4_ecommerce_springboot] [           main] o.s.t.web.servlet.TestDispatcherServlet  : Initializing Servlet ''
2025-09-07T18:02:37.645+05:30  INFO 25236 --- [t4_ecommerce_springboot] [           main] o.s.t.web.servlet.TestDispatcherServlet  : Completed initialization in 0 ms
]]></system-out>
  </testcase>
  <testcase name="sellerUpdateProductWithWrongProductId" classname="com.example.t4_ecommerce_springboot.EcommerceApplicationTests" time="0.087">
    <system-out><![CDATA[2025-09-07T18:02:37.800+05:30  INFO 25236 --- [t4_ecommerce_springboot] [           main] o.s.b.t.m.w.SpringBootMockServletContext : Initializing Spring TestDispatcherServlet ''
2025-09-07T18:02:37.800+05:30  INFO 25236 --- [t4_ecommerce_springboot] [           main] o.s.t.web.servlet.TestDispatcherServlet  : Initializing Servlet ''
2025-09-07T18:02:37.801+05:30  INFO 25236 --- [t4_ecommerce_springboot] [           main] o.s.t.web.servlet.TestDispatcherServlet  : Completed initialization in 1 ms
]]></system-out>
  </testcase>
  <testcase name="consumerAddProductToCart" classname="com.example.t4_ecommerce_springboot.EcommerceApplicationTests" time="0.145">
    <system-out><![CDATA[2025-09-07T18:02:37.889+05:30  INFO 25236 --- [t4_ecommerce_springboot] [           main] o.s.b.t.m.w.SpringBootMockServletContext : Initializing Spring TestDispatcherServlet ''
2025-09-07T18:02:37.890+05:30  INFO 25236 --- [t4_ecommerce_springboot] [           main] o.s.t.web.servlet.TestDispatcherServlet  : Initializing Servlet ''
2025-09-07T18:02:37.891+05:30  INFO 25236 --- [t4_ecommerce_springboot] [           main] o.s.t.web.servlet.TestDispatcherServlet  : Completed initialization in 1 ms
]]></system-out>
  </testcase>
  <testcase name="consumerAddProductToCartAgain" classname="com.example.t4_ecommerce_springboot.EcommerceApplicationTests" time="0.088">
    <system-out><![CDATA[2025-09-07T18:02:38.036+05:30  INFO 25236 --- [t4_ecommerce_springboot] [           main] o.s.b.t.m.w.SpringBootMockServletContext : Initializing Spring TestDispatcherServlet ''
2025-09-07T18:02:38.036+05:30  INFO 25236 --- [t4_ecommerce_springboot] [           main] o.s.t.web.servlet.TestDispatcherServlet  : Initializing Servlet ''
2025-09-07T18:02:38.037+05:30  INFO 25236 --- [t4_ecommerce_springboot] [           main] o.s.t.web.servlet.TestDispatcherServlet  : Completed initialization in 1 ms
]]></system-out>
  </testcase>
  <testcase name="consumerUpdateProductInCart" classname="com.example.t4_ecommerce_springboot.EcommerceApplicationTests" time="0.107">
    <system-out><![CDATA[2025-09-07T18:02:38.125+05:30  INFO 25236 --- [t4_ecommerce_springboot] [           main] o.s.b.t.m.w.SpringBootMockServletContext : Initializing Spring TestDispatcherServlet ''
2025-09-07T18:02:38.125+05:30  INFO 25236 --- [t4_ecommerce_springboot] [           main] o.s.t.web.servlet.TestDispatcherServlet  : Initializing Servlet ''
2025-09-07T18:02:38.125+05:30  INFO 25236 --- [t4_ecommerce_springboot] [           main] o.s.t.web.servlet.TestDispatcherServlet  : Completed initialization in 0 ms
]]></system-out>
  </testcase>
  <testcase name="consumerUpdateProductInCartWithZeroQuantity" classname="com.example.t4_ecommerce_springboot.EcommerceApplicationTests" time="0.184">
    <system-out><![CDATA[2025-09-07T18:02:38.232+05:30  INFO 25236 --- [t4_ecommerce_springboot] [           main] o.s.b.t.m.w.SpringBootMockServletContext : Initializing Spring TestDispatcherServlet ''
2025-09-07T18:02:38.232+05:30  INFO 25236 --- [t4_ecommerce_springboot] [           main] o.s.t.web.servlet.TestDispatcherServlet  : Initializing Servlet ''
2025-09-07T18:02:38.233+05:30  INFO 25236 --- [t4_ecommerce_springboot] [           main] o.s.t.web.servlet.TestDispatcherServlet  : Completed initialization in 1 ms
]]></system-out>
  </testcase>
  <testcase name="consumerDeleteProductInCart" classname="com.example.t4_ecommerce_springboot.EcommerceApplicationTests" time="0.109">
    <system-out><![CDATA[2025-09-07T18:02:38.417+05:30  INFO 25236 --- [t4_ecommerce_springboot] [           main] o.s.b.t.m.w.SpringBootMockServletContext : Initializing Spring TestDispatcherServlet ''
2025-09-07T18:02:38.417+05:30  INFO 25236 --- [t4_ecommerce_springboot] [           main] o.s.t.web.servlet.TestDispatcherServlet  : Initializing Servlet ''
2025-09-07T18:02:38.418+05:30  INFO 25236 --- [t4_ecommerce_springboot] [           main] o.s.t.web.servlet.TestDispatcherServlet  : Completed initialization in 1 ms
]]></system-out>
  </testcase>
  <testcase name="sellerDeleteProduct" classname="com.example.t4_ecommerce_springboot.EcommerceApplicationTests" time="0.105">
    <system-out><![CDATA[2025-09-07T18:02:38.531+05:30  INFO 25236 --- [t4_ecommerce_springboot] [           main] o.s.b.t.m.w.SpringBootMockServletContext : Initializing Spring TestDispatcherServlet ''
2025-09-07T18:02:38.531+05:30  INFO 25236 --- [t4_ecommerce_springboot] [           main] o.s.t.web.servlet.TestDispatcherServlet  : Initializing Servlet ''
2025-09-07T18:02:38.532+05:30  INFO 25236 --- [t4_ecommerce_springboot] [           main] o.s.t.web.servlet.TestDispatcherServlet  : Completed initialization in 1 ms
]]></system-out>
  </testcase>
</testsuite>